<?xml version="1.0" encoding="UTF-8"?>
<!-- Generated by org.testng.reporters.JUnitReportReporter -->
<testsuite hostname="Mypc" name="pom.LoginTC" tests="1" failures="0" timestamp="1 Sep 2017 01:51:59 GMT" time="15.639" errors="0">
  <testcase name="te" time="15.639" classname="pom.LoginTC"/>
</testsuite> <!-- pom.LoginTC -->
