<?xml version="1.0" encoding="UTF-8"?>
<!-- Generated by org.testng.reporters.JUnitReportReporter -->
<testsuite hostname="Mypc" name="grid.GridEg" tests="2" failures="0" timestamp="2 Sep 2017 01:31:41 GMT" time="57.953" errors="0">
  <testcase name="grid" time="34.811" classname="grid.GridEg"/>
  <testcase name="grid" time="23.142" classname="grid.GridEg"/>
</testsuite> <!-- grid.GridEg -->
