<?xml version="1.0" encoding="UTF-8"?>
<!-- Generated by org.testng.reporters.JUnitReportReporter -->
<testsuite hostname="Mypc" name="testNG.BasicAnnotationEg" tests="3" failures="0" timestamp="29 Aug 2017 01:33:11 GMT" time="0.046" errors="0">
  <testcase name="apple" time="0.007" classname="testNG.BasicAnnotationEg"/>
  <testcase name="function2" time="0.019" classname="testNG.BasicAnnotationEg"/>
  <testcase name="function1" time="0.020" classname="testNG.BasicAnnotationEg"/>
</testsuite> <!-- testNG.BasicAnnotationEg -->
