<?xml version="1.0" encoding="UTF-8"?>
<!-- Generated by org.testng.reporters.JUnitReportReporter -->
<testsuite hostname="Mypc" name="testNG.EmpReg" tests="3" failures="0" timestamp="31 Aug 2017 01:29:01 GMT" time="28.519" errors="0">
  <testcase name="org_Emp" time="10.994" classname="testNG.EmpReg"/>
  <testcase name="org_Emp" time="8.003" classname="testNG.EmpReg"/>
  <testcase name="org_Emp" time="9.522" classname="testNG.EmpReg"/>
</testsuite> <!-- testNG.EmpReg -->
